<?xml version="1.0" encoding="UTF-8"?>
<testsuite name="Ejemplo3Test" tests="1" skipped="0" failures="0" errors="0" timestamp="2023-04-12T03:48:40" hostname="MacBook-Pro-de-Javier.local" time="0.031">
  <properties/>
  <testcase name="suma()" classname="Ejemplo3Test" time="0.031"/>
  <system-out><![CDATA[]]></system-out>
  <system-err><![CDATA[]]></system-err>
</testsuite>
