<?xml version="1.0" encoding="UTF-8"?>
<testsuite name="ejemplo2.EchoClassTest" tests="1" skipped="0" failures="0" errors="0" timestamp="2023-04-26T02:53:14" hostname="MacBook-Pro-de-Javier.local" time="0.011">
  <properties/>
  <testcase name="echoClase()" classname="ejemplo2.EchoClassTest" time="0.011"/>
  <system-out><![CDATA[]]></system-out>
  <system-err><![CDATA[]]></system-err>
</testsuite>
