<?xml version="1.0" encoding="UTF-8"?>
<testsuite name="ejemplo3.LimiteTest" tests="1" skipped="0" failures="0" errors="0" timestamp="2023-04-26T03:30:59" hostname="MacBook-Pro-de-Javier.local" time="0.01">
  <properties/>
  <testcase name="doble()" classname="ejemplo3.LimiteTest" time="0.01"/>
  <system-out><![CDATA[]]></system-out>
  <system-err><![CDATA[]]></system-err>
</testsuite>
